<?xml version="1.0" encoding="UTF-8"?>
<!-- Generated by org.testng.reporters.JUnitReportReporter -->
<testsuite hostname="DESKTOP-IIC6DUB" failures="0" tests="1" name="Sufiyancoltd.Test.ErrorValidation" time="23.248" errors="0" timestamp="2022-10-22T18:55:12 IST" skipped="0">
  <testcase classname="Sufiyancoltd.Test.ErrorValidation" name="runAPP" time="23.248"/>
  <system-out/>
</testsuite> <!-- Sufiyancoltd.Test.ErrorValidation -->
